{"/Users/inrhythm019/Documents/node-zint/index.js":{"path":"/Users/inrhythm019/Documents/node-zint/index.js","s":{"1":1,"2":1,"3":1,"4":1,"5":1,"6":1,"7":1,"8":1,"9":1,"10":12,"11":12,"12":156,"13":48,"14":1,"15":12,"16":12,"17":12,"18":12,"19":1,"20":4,"21":4,"22":4,"23":4,"24":4,"25":20,"26":4,"27":4,"28":4,"29":1,"30":4,"31":4,"32":4,"33":236,"34":37288,"35":37288,"36":4,"37":1,"38":4,"39":4,"40":4,"41":4,"42":4,"43":4,"44":0,"45":0,"46":1,"47":8,"48":8,"49":8,"50":1},"b":{"1":[48,108],"2":[12,12],"3":[4,0],"4":[4,4,4]},"f":{"1":12,"2":12,"3":4,"4":4,"5":20,"6":4,"7":4,"8":4,"9":4,"10":0,"11":8,"12":8},"fnMap":{"1":{"name":"validateSymbol","line":37,"loc":{"start":{"line":37,"column":0},"end":{"line":37,"column":41}}},"2":{"name":"createSymbology","line":57,"loc":{"start":{"line":57,"column":0},"end":{"line":57,"column":63}}},"3":{"name":"blobToBase64Png","line":89,"loc":{"start":{"line":89,"column":0},"end":{"line":89,"column":32}}},"4":{"name":"(anonymous_4)","line":93,"loc":{"start":{"line":93,"column":21},"end":{"line":93,"column":39}}},"5":{"name":"(anonymous_5)","line":95,"loc":{"start":{"line":95,"column":19},"end":{"line":95,"column":35}}},"6":{"name":"(anonymous_6)","line":98,"loc":{"start":{"line":98,"column":18},"end":{"line":98,"column":29}}},"7":{"name":"pngRender","line":113,"loc":{"start":{"line":113,"column":0},"end":{"line":113,"column":42}}},"8":{"name":"(anonymous_8)","line":140,"loc":{"start":{"line":140,"column":19},"end":{"line":140,"column":55}}},"9":{"name":"(anonymous_9)","line":148,"loc":{"start":{"line":148,"column":12},"end":{"line":148,"column":33}}},"10":{"name":"(anonymous_10)","line":158,"loc":{"start":{"line":158,"column":21},"end":{"line":158,"column":39}}},"11":{"name":"(anonymous_11)","line":171,"loc":{"start":{"line":171,"column":17},"end":{"line":171,"column":47}}},"12":{"name":"(anonymous_12)","line":174,"loc":{"start":{"line":174,"column":21},"end":{"line":174,"column":39}}}},"statementMap":{"1":{"start":{"line":1,"column":0},"end":{"line":1,"column":37}},"2":{"start":{"line":2,"column":0},"end":{"line":2,"column":27}},"3":{"start":{"line":3,"column":0},"end":{"line":3,"column":84}},"4":{"start":{"line":4,"column":0},"end":{"line":4,"column":36}},"5":{"start":{"line":6,"column":0},"end":{"line":6,"column":29}},"6":{"start":{"line":7,"column":0},"end":{"line":7,"column":23}},"7":{"start":{"line":8,"column":0},"end":{"line":8,"column":38}},"8":{"start":{"line":13,"column":0},"end":{"line":28,"column":2}},"9":{"start":{"line":37,"column":0},"end":{"line":45,"column":1}},"10":{"start":{"line":38,"column":2},"end":{"line":38,"column":37}},"11":{"start":{"line":40,"column":2},"end":{"line":44,"column":3}},"12":{"start":{"line":41,"column":4},"end":{"line":43,"column":5}},"13":{"start":{"line":42,"column":6},"end":{"line":42,"column":53}},"14":{"start":{"line":57,"column":0},"end":{"line":81,"column":1}},"15":{"start":{"line":58,"column":2},"end":{"line":58,"column":34}},"16":{"start":{"line":60,"column":2},"end":{"line":60,"column":58}},"17":{"start":{"line":61,"column":2},"end":{"line":61,"column":52}},"18":{"start":{"line":63,"column":2},"end":{"line":80,"column":4}},"19":{"start":{"line":89,"column":0},"end":{"line":103,"column":1}},"20":{"start":{"line":90,"column":2},"end":{"line":90,"column":29}},"21":{"start":{"line":91,"column":2},"end":{"line":91,"column":18}},"22":{"start":{"line":93,"column":2},"end":{"line":102,"column":5}},"23":{"start":{"line":94,"column":4},"end":{"line":94,"column":15}},"24":{"start":{"line":95,"column":4},"end":{"line":97,"column":7}},"25":{"start":{"line":96,"column":6},"end":{"line":96,"column":25}},"26":{"start":{"line":98,"column":4},"end":{"line":101,"column":7}},"27":{"start":{"line":99,"column":6},"end":{"line":99,"column":41}},"28":{"start":{"line":100,"column":6},"end":{"line":100,"column":68}},"29":{"start":{"line":113,"column":0},"end":{"line":130,"column":1}},"30":{"start":{"line":114,"column":2},"end":{"line":114,"column":50}},"31":{"start":{"line":115,"column":2},"end":{"line":115,"column":12}},"32":{"start":{"line":117,"column":2},"end":{"line":127,"column":3}},"33":{"start":{"line":118,"column":4},"end":{"line":126,"column":5}},"34":{"start":{"line":119,"column":6},"end":{"line":124,"column":9}},"35":{"start":{"line":125,"column":6},"end":{"line":125,"column":13}},"36":{"start":{"line":129,"column":2},"end":{"line":129,"column":15}},"37":{"start":{"line":140,"column":0},"end":{"line":161,"column":2}},"38":{"start":{"line":141,"column":2},"end":{"line":141,"column":34}},"39":{"start":{"line":142,"column":2},"end":{"line":142,"column":65}},"40":{"start":{"line":144,"column":2},"end":{"line":157,"column":3}},"41":{"start":{"line":145,"column":4},"end":{"line":145,"column":68}},"42":{"start":{"line":147,"column":4},"end":{"line":156,"column":9}},"43":{"start":{"line":149,"column":8},"end":{"line":155,"column":10}},"44":{"start":{"line":158,"column":2},"end":{"line":160,"column":5}},"45":{"start":{"line":159,"column":4},"end":{"line":159,"column":17}},"46":{"start":{"line":171,"column":0},"end":{"line":177,"column":2}},"47":{"start":{"line":172,"column":2},"end":{"line":172,"column":63}},"48":{"start":{"line":174,"column":2},"end":{"line":176,"column":5}},"49":{"start":{"line":175,"column":4},"end":{"line":175,"column":17}},"50":{"start":{"line":181,"column":0},"end":{"line":181,"column":21}}},"branchMap":{"1":{"line":41,"type":"if","locations":[{"start":{"line":41,"column":4},"end":{"line":41,"column":4}},{"start":{"line":41,"column":4},"end":{"line":41,"column":4}}]},"2":{"line":79,"type":"binary-expr","locations":[{"start":{"line":79,"column":5},"end":{"line":79,"column":25}},{"start":{"line":79,"column":29},"end":{"line":79,"column":40}}]},"3":{"line":144,"type":"if","locations":[{"start":{"line":144,"column":2},"end":{"line":144,"column":2}},{"start":{"line":144,"column":2},"end":{"line":144,"column":2}}]},"4":{"line":144,"type":"binary-expr","locations":[{"start":{"line":144,"column":5},"end":{"line":144,"column":18}},{"start":{"line":144,"column":22},"end":{"line":144,"column":37}},{"start":{"line":144,"column":41},"end":{"line":144,"column":55}}]}}},"/Users/inrhythm019/Documents/node-zint/enums.js":{"path":"/Users/inrhythm019/Documents/node-zint/enums.js","s":{"1":1},"b":{},"f":{},"fnMap":{},"statementMap":{"1":{"start":{"line":2,"column":0},"end":{"line":117,"column":21}}},"branchMap":{}}}