{"/Users/inrhythm019/Documents/node-zint/node-zint.js":{"path":"/Users/inrhythm019/Documents/node-zint/node-zint.js","s":{"1":1,"2":1,"3":1,"4":1,"5":1,"6":1,"7":1,"8":13,"9":5,"10":1,"11":0,"12":1,"13":2,"14":2,"15":1,"16":1,"17":1,"18":2,"19":1,"20":1,"21":1,"22":0,"23":1,"24":1,"25":4,"26":1,"27":3,"28":1,"29":1,"30":1,"31":1,"32":1,"33":1,"34":0,"35":1,"36":3,"37":3,"38":3,"39":3,"40":3,"41":1,"42":3,"43":3,"44":1,"45":2,"46":2,"47":3,"48":2,"49":1,"50":3,"51":3,"52":1,"53":0,"54":1},"b":{"1":[5,8],"2":[1,1],"3":[0,1],"4":[4,4],"5":[1,0],"6":[3,0],"7":[2,1]},"f":{"1":1,"2":0,"3":2,"4":2,"5":1,"6":1,"7":4,"8":3,"9":1,"10":1,"11":3,"12":3,"13":3,"14":2},"fnMap":{"1":{"name":"mergeSettings","line":29,"loc":{"start":{"line":29,"column":0},"end":{"line":29,"column":40}}},"2":{"name":"getExt","line":42,"loc":{"start":{"line":42,"column":0},"end":{"line":42,"column":26}}},"3":{"name":"readPngToBase64","line":49,"loc":{"start":{"line":49,"column":0},"end":{"line":49,"column":55}}},"4":{"name":"(anonymous_4)","line":50,"loc":{"start":{"line":50,"column":34},"end":{"line":50,"column":55}}},"5":{"name":"readSvg","line":65,"loc":{"start":{"line":65,"column":0},"end":{"line":65,"column":47}}},"6":{"name":"(anonymous_6)","line":66,"loc":{"start":{"line":66,"column":32},"end":{"line":66,"column":53}}},"7":{"name":"createSymbology","line":78,"loc":{"start":{"line":78,"column":0},"end":{"line":78,"column":55}}},"8":{"name":"getTempFile","line":102,"loc":{"start":{"line":102,"column":0},"end":{"line":102,"column":26}}},"9":{"name":"(anonymous_9)","line":111,"loc":{"start":{"line":111,"column":17},"end":{"line":111,"column":56}}},"10":{"name":"(anonymous_10)","line":114,"loc":{"start":{"line":114,"column":21},"end":{"line":114,"column":47}}},"11":{"name":"(anonymous_11)","line":128,"loc":{"start":{"line":128,"column":19},"end":{"line":128,"column":64}}},"12":{"name":"(anonymous_12)","line":133,"loc":{"start":{"line":133,"column":21},"end":{"line":133,"column":47}}},"13":{"name":"onSuccess","line":139,"loc":{"start":{"line":139,"column":6},"end":{"line":139,"column":31}}},"14":{"name":"onError","line":147,"loc":{"start":{"line":147,"column":6},"end":{"line":147,"column":28}}}},"statementMap":{"1":{"start":{"line":1,"column":0},"end":{"line":1,"column":25}},"2":{"start":{"line":2,"column":0},"end":{"line":2,"column":29}},"3":{"start":{"line":3,"column":0},"end":{"line":3,"column":23}},"4":{"start":{"line":8,"column":0},"end":{"line":23,"column":2}},"5":{"start":{"line":29,"column":0},"end":{"line":37,"column":1}},"6":{"start":{"line":30,"column":2},"end":{"line":30,"column":37}},"7":{"start":{"line":32,"column":2},"end":{"line":36,"column":3}},"8":{"start":{"line":33,"column":4},"end":{"line":35,"column":5}},"9":{"start":{"line":34,"column":6},"end":{"line":34,"column":53}},"10":{"start":{"line":42,"column":0},"end":{"line":44,"column":1}},"11":{"start":{"line":43,"column":2},"end":{"line":43,"column":74}},"12":{"start":{"line":49,"column":0},"end":{"line":60,"column":1}},"13":{"start":{"line":50,"column":2},"end":{"line":59,"column":5}},"14":{"start":{"line":51,"column":4},"end":{"line":56,"column":5}},"15":{"start":{"line":52,"column":6},"end":{"line":52,"column":19}},"16":{"start":{"line":54,"column":6},"end":{"line":54,"column":45}},"17":{"start":{"line":55,"column":6},"end":{"line":55,"column":63}},"18":{"start":{"line":58,"column":4},"end":{"line":58,"column":23}},"19":{"start":{"line":65,"column":0},"end":{"line":73,"column":1}},"20":{"start":{"line":66,"column":2},"end":{"line":72,"column":5}},"21":{"start":{"line":67,"column":4},"end":{"line":71,"column":5}},"22":{"start":{"line":68,"column":6},"end":{"line":68,"column":19}},"23":{"start":{"line":70,"column":6},"end":{"line":70,"column":22}},"24":{"start":{"line":78,"column":0},"end":{"line":97,"column":1}},"25":{"start":{"line":79,"column":2},"end":{"line":96,"column":4}},"26":{"start":{"line":102,"column":0},"end":{"line":106,"column":1}},"27":{"start":{"line":103,"column":2},"end":{"line":105,"column":16}},"28":{"start":{"line":111,"column":0},"end":{"line":123,"column":2}},"29":{"start":{"line":112,"column":2},"end":{"line":112,"column":33}},"30":{"start":{"line":114,"column":2},"end":{"line":122,"column":5}},"31":{"start":{"line":115,"column":4},"end":{"line":115,"column":63}},"32":{"start":{"line":117,"column":4},"end":{"line":121,"column":5}},"33":{"start":{"line":118,"column":6},"end":{"line":118,"column":22}},"34":{"start":{"line":120,"column":6},"end":{"line":120,"column":21}},"35":{"start":{"line":128,"column":0},"end":{"line":171,"column":2}},"36":{"start":{"line":129,"column":2},"end":{"line":129,"column":35}},"37":{"start":{"line":130,"column":2},"end":{"line":130,"column":37}},"38":{"start":{"line":131,"column":2},"end":{"line":131,"column":61}},"39":{"start":{"line":133,"column":2},"end":{"line":170,"column":5}},"40":{"start":{"line":135,"column":4},"end":{"line":168,"column":5}},"41":{"start":{"line":139,"column":6},"end":{"line":142,"column":7}},"42":{"start":{"line":140,"column":8},"end":{"line":140,"column":27}},"43":{"start":{"line":141,"column":8},"end":{"line":141,"column":24}},"44":{"start":{"line":147,"column":6},"end":{"line":153,"column":7}},"45":{"start":{"line":148,"column":8},"end":{"line":151,"column":10}},"46":{"start":{"line":152,"column":8},"end":{"line":152,"column":23}},"47":{"start":{"line":155,"column":6},"end":{"line":159,"column":7}},"48":{"start":{"line":156,"column":8},"end":{"line":156,"column":54}},"49":{"start":{"line":158,"column":8},"end":{"line":158,"column":46}},"50":{"start":{"line":161,"column":6},"end":{"line":165,"column":7}},"51":{"start":{"line":162,"column":8},"end":{"line":162,"column":32}},"52":{"start":{"line":164,"column":8},"end":{"line":164,"column":19}},"53":{"start":{"line":167,"column":6},"end":{"line":167,"column":21}},"54":{"start":{"line":173,"column":0},"end":{"line":173,"column":21}}},"branchMap":{"1":{"line":33,"type":"if","locations":[{"start":{"line":33,"column":4},"end":{"line":33,"column":4}},{"start":{"line":33,"column":4},"end":{"line":33,"column":4}}]},"2":{"line":51,"type":"if","locations":[{"start":{"line":51,"column":4},"end":{"line":51,"column":4}},{"start":{"line":51,"column":4},"end":{"line":51,"column":4}}]},"3":{"line":67,"type":"if","locations":[{"start":{"line":67,"column":4},"end":{"line":67,"column":4}},{"start":{"line":67,"column":4},"end":{"line":67,"column":4}}]},"4":{"line":95,"type":"binary-expr","locations":[{"start":{"line":95,"column":5},"end":{"line":95,"column":25}},{"start":{"line":95,"column":29},"end":{"line":95,"column":40}}]},"5":{"line":117,"type":"if","locations":[{"start":{"line":117,"column":4},"end":{"line":117,"column":4}},{"start":{"line":117,"column":4},"end":{"line":117,"column":4}}]},"6":{"line":135,"type":"if","locations":[{"start":{"line":135,"column":4},"end":{"line":135,"column":4}},{"start":{"line":135,"column":4},"end":{"line":135,"column":4}}]},"7":{"line":155,"type":"if","locations":[{"start":{"line":155,"column":6},"end":{"line":155,"column":6}},{"start":{"line":155,"column":6},"end":{"line":155,"column":6}}]}}},"/Users/inrhythm019/Documents/node-zint/enums.js":{"path":"/Users/inrhythm019/Documents/node-zint/enums.js","s":{"1":1},"b":{},"f":{},"fnMap":{},"statementMap":{"1":{"start":{"line":2,"column":0},"end":{"line":117,"column":21}}},"branchMap":{}}}