TN:
SF:/Users/inrhythm019/Documents/node-zint/index.js
FN:37,validateSymbol
FN:57,createSymbology
FN:86,blobToBase64Png
FN:90,(anonymous_4)
FN:92,(anonymous_5)
FN:95,(anonymous_6)
FN:110,pngRender
FN:137,(anonymous_8)
FN:145,(anonymous_9)
FN:155,(anonymous_10)
FN:168,(anonymous_11)
FN:171,(anonymous_12)
FNF:12
FNH:0
FNDA:0,validateSymbol
FNDA:0,createSymbology
FNDA:0,blobToBase64Png
FNDA:0,(anonymous_4)
FNDA:0,(anonymous_5)
FNDA:0,(anonymous_6)
FNDA:0,pngRender
FNDA:0,(anonymous_8)
FNDA:0,(anonymous_9)
FNDA:0,(anonymous_10)
FNDA:0,(anonymous_11)
FNDA:0,(anonymous_12)
DA:1,1
DA:2,1
DA:3,1
DA:4,1
DA:6,1
DA:7,1
DA:8,1
DA:13,1
DA:37,1
DA:38,0
DA:40,0
DA:41,0
DA:42,0
DA:57,1
DA:58,0
DA:60,0
DA:86,1
DA:87,0
DA:88,0
DA:90,0
DA:91,0
DA:92,0
DA:93,0
DA:95,0
DA:96,0
DA:97,0
DA:110,1
DA:111,0
DA:112,0
DA:114,0
DA:115,0
DA:116,0
DA:122,0
DA:126,0
DA:137,1
DA:138,0
DA:139,0
DA:141,0
DA:142,0
DA:144,0
DA:146,0
DA:155,0
DA:156,0
DA:168,1
DA:169,0
DA:171,0
DA:172,0
DA:176,1
LF:48
LH:15
BRDA:41,1,0,0
BRDA:41,1,1,0
BRDA:76,2,0,0
BRDA:76,2,1,0
BRDA:141,3,0,0
BRDA:141,3,1,0
BRDA:141,4,0,0
BRDA:141,4,1,0
BRDA:141,4,2,0
BRF:9
BRH:0
end_of_record
TN:
SF:/Users/inrhythm019/Documents/node-zint/enums.js
FNF:0
FNH:0
DA:2,1
LF:1
LH:1
BRF:0
BRH:0
end_of_record
