TN:
SF:/Users/inrhythm019/Documents/node-zint/index.js
FN:37,validateSymbol
FN:57,createSymbology
FN:86,blobToBase64Png
FN:90,(anonymous_4)
FN:92,(anonymous_5)
FN:95,(anonymous_6)
FN:110,pngRender
FN:137,(anonymous_8)
FN:145,(anonymous_9)
FN:155,(anonymous_10)
FN:168,(anonymous_11)
FN:171,(anonymous_12)
FNF:12
FNH:11
FNDA:6,validateSymbol
FNDA:6,createSymbology
FNDA:2,blobToBase64Png
FNDA:2,(anonymous_4)
FNDA:10,(anonymous_5)
FNDA:2,(anonymous_6)
FNDA:2,pngRender
FNDA:2,(anonymous_8)
FNDA:2,(anonymous_9)
FNDA:0,(anonymous_10)
FNDA:4,(anonymous_11)
FNDA:4,(anonymous_12)
DA:1,1
DA:2,1
DA:3,1
DA:4,1
DA:6,1
DA:7,1
DA:8,1
DA:13,1
DA:37,1
DA:38,6
DA:40,6
DA:41,78
DA:42,24
DA:57,1
DA:58,6
DA:60,6
DA:86,1
DA:87,2
DA:88,2
DA:90,2
DA:91,2
DA:92,2
DA:93,10
DA:95,2
DA:96,2
DA:97,2
DA:110,1
DA:111,2
DA:112,2
DA:114,2
DA:115,118
DA:116,18644
DA:122,18644
DA:126,2
DA:137,1
DA:138,2
DA:139,2
DA:141,2
DA:142,2
DA:144,2
DA:146,2
DA:155,0
DA:156,0
DA:168,1
DA:169,4
DA:171,4
DA:172,4
DA:176,1
LF:48
LH:46
BRDA:41,1,0,24
BRDA:41,1,1,54
BRDA:76,2,0,6
BRDA:76,2,1,6
BRDA:141,3,0,2
BRDA:141,3,1,0
BRDA:141,4,0,2
BRDA:141,4,1,2
BRDA:141,4,2,2
BRF:9
BRH:8
end_of_record
TN:
SF:/Users/inrhythm019/Documents/node-zint/enums.js
FNF:0
FNH:0
DA:2,1
LF:1
LH:1
BRF:0
BRH:0
end_of_record
